  my sequence.c
  reference sequence.cpp
  시연용.cpp
시연용.cpp(48): warning C4326: 'main'의 반환 형식이 'int'이어야 하는데 'void'입니다.
시연용.cpp(54): warning C4101: 'ResultSeq' :참조되지 않은 지역 변수입니다.
시연용.cpp(125): warning C4996: 'fopen': This function or variable may be unsafe. Consider using fopen_s instead. To disable deprecation, use _CRT_SECURE_NO_WARNINGS. See online help for details.
  C:\Program Files (x86)\Windows Kits\10\Include\10.0.16299.0\ucrt\stdio.h(207): note: 'fopen' 선언을 참조하십시오.
시연용.cpp(119): warning C4101: 'p' :참조되지 않은 지역 변수입니다.
시연용.cpp(210): warning C4244: '+=': 'double'에서 'int'(으)로 변환하면서 데이터가 손실될 수 있습니다.
시연용.cpp(240): warning C4101: 'len' :참조되지 않은 지역 변수입니다.
시연용.cpp(240): warning C4101: 'j' :참조되지 않은 지역 변수입니다.
시연용.cpp(240): warning C4101: 'i' :참조되지 않은 지역 변수입니다.
시연용.cpp(253): warning C4101: 'j' :참조되지 않은 지역 변수입니다.
시연용.cpp(317): warning C4244: '+=': 'double'에서 'int'(으)로 변환하면서 데이터가 손실될 수 있습니다.
시연용.cpp(318): warning C4244: '+=': 'double'에서 'int'(으)로 변환하면서 데이터가 손실될 수 있습니다.
  코드를 생성하고 있습니다.
c:\users\tlsjh\desktop\3학년 1학기\알고리즘\컴퓨터 알고리즘과 실습 프로젝트\[설계코드]2016112127 신지혜\algorithm project\시연용.cpp(346): warning C4715: 'charTint': 모든 제어 경로에서 값을 반환하지는 않습니다.
  144 of 150 functions (96.0%) were compiled, the rest were copied from previous compilation.
    0 functions were new in current compilation
    0 functions had inline decision re-evaluated but remain unchanged
  코드를 생성했습니다.
  algorithm project.vcxproj -> C:\Users\tlsjh\Desktop\3학년 1학기\알고리즘\컴퓨터 알고리즘과 실습 프로젝트\[설계코드]2016112127 신지혜\x64\Release\algorithm project.exe
